C51 COMPILER V9.59.0.0   MAIN                                                              01/22/2025 09:53:49 PAGE 1   


C51 COMPILER V9.59.0.0, COMPILATION OF MODULE MAIN
OBJECT MODULE PLACED IN .\Objects\main.obj
COMPILER INVOKED BY: E:\SCM\Keil_v5\C51\BIN\C51.EXE main.c OPTIMIZE(8,SPEED) BROWSE DEBUG OBJECTEXTEND PRINT(.\Listings\
                    -main.lst) TABS(2) OBJECT(.\Objects\main.obj)

line level    source

   1          #include <REGX52.H>
   2          #include "Key.h"
   3          #include "Delay.h"
   4          #include "Timer0.h"
   5          #include "Nixie.h"
   6          
   7          unsigned char KeyNum,Temp;
   8          
   9          
  10          void main()
  11          {
  12   1        Timer0_Init();
  13   1        P2_5=0;
  14   1        while (1)
  15   1        {
  16   2          KeyNum = Key();
  17   2          if(KeyNum)
  18   2          {
  19   3            Nixie_SetBuf(1,KeyNum);
  20   3          }
  21   2        }
  22   1      }
  23          
  24          void Timer0_Rountine() interrupt 1
  25          {
  26   1        static unsigned int T0Count1=0,T0Count2 = 0;
  27   1        TL0 = 0x18; // 设置定时初始值
  28   1        TH0 = 0xFC; // 设置定时初始值
  29   1        T0Count1++;
  30   1        T0Count2++;
  31   1        if (T0Count1 >= 20)
  32   1        {
  33   2          T0Count1 = 0;
  34   2          Key_Loop();
  35   2        }
  36   1        if (T0Count2 >= 2)
  37   1        {
  38   2          T0Count2 = 0;
  39   2          Nixie_Loop();
  40   2        }
  41   1      }


MODULE INFORMATION:   STATIC OVERLAYABLE
   CODE SIZE        =    142    ----
   CONSTANT SIZE    =   ----    ----
   XDATA SIZE       =   ----    ----
   PDATA SIZE       =   ----    ----
   DATA SIZE        =      6    ----
   IDATA SIZE       =   ----    ----
   BIT SIZE         =   ----    ----
END OF MODULE INFORMATION.


C51 COMPILATION COMPLETE.  0 WARNING(S),  0 ERROR(S)
