C51 COMPILER V9.59.0.0   BUZZER                                                            01/19/2025 19:05:55 PAGE 1   


C51 COMPILER V9.59.0.0, COMPILATION OF MODULE BUZZER
OBJECT MODULE PLACED IN .\Objects\Buzzer.obj
COMPILER INVOKED BY: E:\SCM\Keil_v5\C51\BIN\C51.EXE Buzzer.c OPTIMIZE(8,SPEED) BROWSE DEBUG OBJECTEXTEND PRINT(.\Listing
                    -s\Buzzer.lst) TABS(2) OBJECT(.\Objects\Buzzer.obj)

line level    source

   1          #include <REGX52.H>
   2          #include <INTRINS.H>
   3          #include "Delay.h"
   4          
   5          
   6          sbit Buzzer=P2^5;
   7          
   8          void Buzzer_Delay500us(void)  //@12.000MHz
   9          {
  10   1        unsigned char data i;
  11   1      
  12   1        _nop_();
  13   1        i = 247;
  14   1        while (--i);
  15   1      }
  16          
  17          
  18          
  19          void Buzzer_Time(unsigned int ms)
  20          {
  21   1        unsigned int i;
  22   1          for(i=0;i<2*ms;i++)
  23   1          {
  24   2            Buzzer=!Buzzer;
  25   2            Buzzer_Delay500us();
  26   2          }
  27   1      }


MODULE INFORMATION:   STATIC OVERLAYABLE
   CODE SIZE        =     40    ----
   CONSTANT SIZE    =   ----    ----
   XDATA SIZE       =   ----    ----
   PDATA SIZE       =   ----    ----
   DATA SIZE        =   ----    ----
   IDATA SIZE       =   ----    ----
   BIT SIZE         =   ----    ----
END OF MODULE INFORMATION.


C51 COMPILATION COMPLETE.  0 WARNING(S),  0 ERROR(S)
