C51 COMPILER V9.59.0.0   MAIN                                                              01/25/2025 11:22:03 PAGE 1   


C51 COMPILER V9.59.0.0, COMPILATION OF MODULE MAIN
OBJECT MODULE PLACED IN .\Objects\main.obj
COMPILER INVOKED BY: E:\SCM\Keil_v5\C51\BIN\C51.EXE main.c OPTIMIZE(8,SPEED) BROWSE DEBUG OBJECTEXTEND PRINT(.\Listings\
                    -main.lst) TABS(2) OBJECT(.\Objects\main.obj)

line level    source

   1          #include <REGX52.H>
   2          
   3          sbit LED=P2^0;
   4          unsigned char Time,i;
   5          
   6          void Delay(unsigned char i)
   7          {
   8   1        while(i--);
   9   1      }
  10          
  11          void main()
  12          {
  13   1        while(1)
  14   1        {
  15   2          for(Time=0;Time<100;Time++)
  16   2          {
  17   3            for(i=0;i<20;i++)
  18   3            {
  19   4              LED=1;
  20   4              Delay(Time);
  21   4              LED=0;
  22   4              Delay(100-Time);
  23   4            }
  24   3          }
  25   2          for(;Time>0;Time--)
  26   2          {
  27   3            for(i=0;i<20;i++)
  28   3            {
  29   4              LED=1;
  30   4              Delay(Time);
  31   4              LED=0;
  32   4              Delay(100-Time);
  33   4            }
  34   3          }
  35   2        }
  36   1      }


MODULE INFORMATION:   STATIC OVERLAYABLE
   CODE SIZE        =     97    ----
   CONSTANT SIZE    =   ----    ----
   XDATA SIZE       =   ----    ----
   PDATA SIZE       =   ----    ----
   DATA SIZE        =      2    ----
   IDATA SIZE       =   ----    ----
   BIT SIZE         =   ----    ----
END OF MODULE INFORMATION.


C51 COMPILATION COMPLETE.  0 WARNING(S),  0 ERROR(S)
