C51 COMPILER V9.59.0.0   MAIN                                                              01/12/2025 17:50:05 PAGE 1   


C51 COMPILER V9.59.0.0, COMPILATION OF MODULE MAIN
OBJECT MODULE PLACED IN .\Objects\main.obj
COMPILER INVOKED BY: E:\SCM\Keil_v5\C51\BIN\C51.EXE main.c OPTIMIZE(8,SPEED) BROWSE DEBUG OBJECTEXTEND PRINT(.\Listings\
                    -main.lst) TABS(2) OBJECT(.\Objects\main.obj)

line level    source

   1          #include <REGX52.H>
   2          #include "LCD1602.h"
   3          #include "Delay.h"
   4          #include "MatrixKey.h"
   5          
   6          unsigned char KeyNum;
   7          unsigned int PassWord;
   8          int count=0;
   9          
  10          void main()
  11          {
  12   1        LCD_Init();
  13   1        LCD_ShowString(1,1,"password:");
  14   1        LCD_ShowNum(2,1,0000,4);
  15   1        while(1)
  16   1        {
  17   2          KeyNum=MatrixKey();
  18   2          if(KeyNum)
  19   2          {
  20   3            if(KeyNum<=10)
  21   3            {
  22   4              if(count<4)
  23   4              {
  24   5                PassWord*=10;
  25   5                PassWord+=KeyNum%10;
  26   5                count++;
  27   5                LCD_ShowNum(2,1,PassWord,4);
  28   5              }
  29   4            }
  30   3            if(KeyNum==11)
  31   3            {
  32   4              if(PassWord==1111)
  33   4              {
  34   5                LCD_ShowString(1,12,"ON ");
  35   5                PassWord=count=0;
  36   5                LCD_ShowNum(2,1,PassWord,4);
  37   5              }
  38   4              else
  39   4              {
  40   5                LCD_ShowString(1,12,"ERR");
  41   5                PassWord=count=0;
  42   5                LCD_ShowNum(2,1,PassWord,4);
  43   5              }
  44   4            }
  45   3            if(KeyNum==12)
  46   3            {
  47   4              PassWord=count=0;
  48   4              LCD_ShowString(1,12,"    ");
  49   4              LCD_ShowNum(2,1,PassWord,4);
  50   4            }
  51   3            
  52   3          }
  53   2        }
  54   1      }
C51 COMPILER V9.59.0.0   MAIN                                                              01/12/2025 17:50:05 PAGE 2   



MODULE INFORMATION:   STATIC OVERLAYABLE
   CODE SIZE        =    221    ----
   CONSTANT SIZE    =     23    ----
   XDATA SIZE       =   ----    ----
   PDATA SIZE       =   ----    ----
   DATA SIZE        =      5    ----
   IDATA SIZE       =   ----    ----
   BIT SIZE         =   ----    ----
END OF MODULE INFORMATION.


C51 COMPILATION COMPLETE.  0 WARNING(S),  0 ERROR(S)
