C51 COMPILER V9.59.0.0   MATRIXLED                                                         01/16/2025 14:26:54 PAGE 1   


C51 COMPILER V9.59.0.0, COMPILATION OF MODULE MATRIXLED
OBJECT MODULE PLACED IN .\Objects\MatrixLED.obj
COMPILER INVOKED BY: E:\SCM\Keil_v5\C51\BIN\C51.EXE MatrixLED.c OPTIMIZE(8,SPEED) BROWSE DEBUG OBJECTEXTEND PRINT(.\List
                    -ings\MatrixLED.lst) TABS(2) OBJECT(.\Objects\MatrixLED.obj)

line level    source

   1          #include <REGX52.H>
   2          #include "Delay.h"
   3          
   4          sbit RCK=P3^5;    //RCLK
   5          sbit SCK=P3^6;    //SRCLK
   6          sbit SER=P3^4;    //SER
   7          
   8          #define MATRIX_LED_PORT     P0
   9          
  10          void MatrixLED_Init()
  11          {
  12   1        SCK=0;
  13   1        RCK=0;
  14   1      }
  15          
  16          /**
  17            * @brief  74HC595写入一个字节
  18            * @param  Byte 要写入的字节
  19            * @retval 无
  20            */
  21          
  22          void _74HC595_WriteByte(unsigned char Byte)
  23          {
  24   1        
  25   1        unsigned char i;
  26   1        for(i=0;i<8;i++)
  27   1        {
  28   2          SER=Byte&(0x80>>i);
  29   2          SCK=1;
  30   2          SCK=0;
  31   2        }
  32   1        RCK=1;
  33   1        RCK=0;
  34   1      }
  35          /**
  36          * @brief  LED点阵屏显示一列数据
  37            * @param  Column 要选择的列，范围：0~7，0在最左边
  38            * @param  Data 选择列显示的数据，高位在上，1为亮，0为灭
  39            * @retval 无
  40            */
  41          void MatrixLED_ShowColumn(unsigned char Column,Data)
  42          {
  43   1        _74HC595_WriteByte(Data);
  44   1        MATRIX_LED_PORT=~(0x80>>Column);
  45   1        Delay(1);
  46   1        MATRIX_LED_PORT=0xFF;
  47   1      }


MODULE INFORMATION:   STATIC OVERLAYABLE
   CODE SIZE        =     93    ----
   CONSTANT SIZE    =   ----    ----
   XDATA SIZE       =   ----    ----
   PDATA SIZE       =   ----    ----
C51 COMPILER V9.59.0.0   MATRIXLED                                                         01/16/2025 14:26:54 PAGE 2   

   DATA SIZE        =   ----    ----
   IDATA SIZE       =   ----    ----
   BIT SIZE         =   ----    ----
END OF MODULE INFORMATION.


C51 COMPILATION COMPLETE.  0 WARNING(S),  0 ERROR(S)
