C51 COMPILER V9.59.0.0   MAIN                                                              01/10/2025 20:37:24 PAGE 1   


C51 COMPILER V9.59.0.0, COMPILATION OF MODULE MAIN
OBJECT MODULE PLACED IN .\Objects\main.obj
COMPILER INVOKED BY: E:\SCM\Keil_v5\C51\BIN\C51.EXE main.c OPTIMIZE(8,SPEED) BROWSE DEBUG OBJECTEXTEND PRINT(.\Listings\
                    -main.lst) TABS(2) OBJECT(.\Objects\main.obj)

line level    source

   1          #include <REGX52.H>
   2          
   3          unsigned char NixieTable[]={0x3F,0x06,0x5B,0x4F,0x66,0x6D,0x7D,0x07,0x7F,0x6F};
   4          
   5          void Delay(unsigned int x)    //@11.0592MHz
   6          {
   7   1        unsigned char i, j;
   8   1        while(x--){
   9   2          i = 2;
  10   2          j = 199;
  11   2          do
  12   2          {
  13   3            while (--j);
  14   3          } while (--i);
  15   2        }
  16   1      }
  17          
  18          void Nixie(unsigned char Location,Number)
  19          {
  20   1        switch(Location)    
  21   1        {
  22   2          case 1:P2_4=1;P2_3=1;P2_2=1;break;
  23   2          case 2:P2_4=1;P2_3=1;P2_2=0;break;
  24   2          case 3:P2_4=1;P2_3=0;P2_2=1;break;
  25   2          case 4:P2_4=1;P2_3=0;P2_2=0;break;
  26   2          case 5:P2_4=0;P2_3=1;P2_2=1;break;
  27   2          case 6:P2_4=0;P2_3=1;P2_2=0;break;
  28   2          case 7:P2_4=0;P2_3=0;P2_2=1;break;
  29   2          case 8:P2_4=0;P2_3=0;P2_2=0;break;
  30   2        }
  31   1        P0=NixieTable[Number];  
  32   1        Delay(1);
  33   1        P0=0x00;
  34   1      }
  35          
  36          void main()
  37          {
  38   1        while(1)
  39   1        {
  40   2          Nixie(1,1);
  41   2          //Delay(1);
  42   2          Nixie(2,2);
  43   2          //Delay(1);
  44   2          Nixie(3,3);
  45   2          //Delay(1);
  46   2        }
  47   1      }


MODULE INFORMATION:   STATIC OVERLAYABLE
   CODE SIZE        =    159    ----
   CONSTANT SIZE    =   ----    ----
   XDATA SIZE       =   ----    ----
   PDATA SIZE       =   ----    ----
C51 COMPILER V9.59.0.0   MAIN                                                              01/10/2025 20:37:24 PAGE 2   

   DATA SIZE        =     10    ----
   IDATA SIZE       =   ----    ----
   BIT SIZE         =   ----    ----
END OF MODULE INFORMATION.


C51 COMPILATION COMPLETE.  0 WARNING(S),  0 ERROR(S)
