C51 COMPILER V9.59.0.0   MAIN                                                              01/10/2025 17:43:48 PAGE 1   


C51 COMPILER V9.59.0.0, COMPILATION OF MODULE MAIN
OBJECT MODULE PLACED IN .\Objects\main.obj
COMPILER INVOKED BY: E:\SCM\Keil_v5\C51\BIN\C51.EXE main.c OPTIMIZE(8,SPEED) BROWSE DEBUG OBJECTEXTEND PRINT(.\Listings\
                    -main.lst) TABS(2) OBJECT(.\Objects\main.obj)

line level    source

   1          #include <REGX52.H>
   2          
   3          
   4          void Delay(unsigned int x)    //@11.0592MHz
   5          {
   6   1        unsigned char i, j;
   7   1        while(x--){
   8   2          i = 2;
   9   2          j = 199;
  10   2          do
  11   2          {
  12   3            while (--j);
  13   3          } while (--i);
  14   2        }
  15   1      }
  16          
  17          void main()
  18          {
  19   1        unsigned char LED=0;
  20   1        P2=~0x01;
  21   1        while(1)
  22   1        {
  23   2          if(P3_0==0)
  24   2          {
  25   3            Delay(20);
  26   3            while(P3_0==0);
  27   3            Delay(20);
  28   3            
  29   3            LED++;
  30   3            if(LED>=8) LED=0;
  31   3            P2=~(0x01<<LED);
  32   3          }
  33   2          
  34   2          if(P3_1==0)
  35   2          {
  36   3            Delay(20);
  37   3            while(P3_1==0);
  38   3            Delay(20);
  39   3            
  40   3            LED--;
  41   3            if(LED>=8) LED=7;
  42   3            P2=~(0x01<<LED);
  43   3          }
  44   2        }
  45   1      }


MODULE INFORMATION:   STATIC OVERLAYABLE
   CODE SIZE        =    110    ----
   CONSTANT SIZE    =   ----    ----
   XDATA SIZE       =   ----    ----
   PDATA SIZE       =   ----    ----
   DATA SIZE        =   ----    ----
   IDATA SIZE       =   ----    ----
C51 COMPILER V9.59.0.0   MAIN                                                              01/10/2025 17:43:48 PAGE 2   

   BIT SIZE         =   ----    ----
END OF MODULE INFORMATION.


C51 COMPILATION COMPLETE.  0 WARNING(S),  0 ERROR(S)
