C51 COMPILER V9.59.0.0   MAIN                                                              01/16/2025 22:46:07 PAGE 1   


C51 COMPILER V9.59.0.0, COMPILATION OF MODULE MAIN
OBJECT MODULE PLACED IN .\Objects\main.obj
COMPILER INVOKED BY: E:\SCM\Keil_v5\C51\BIN\C51.EXE main.c OPTIMIZE(8,SPEED) BROWSE DEBUG OBJECTEXTEND PRINT(.\Listings\
                    -main.lst) TABS(2) OBJECT(.\Objects\main.obj)

line level    source

   1          #include <REGX52.H>
   2          #include "Delay.h"
   3          #include "MatrixLED.h"
   4          
   5          unsigned char code Animation[]={
   6            0x00,0x00,0x00,0x00,0x00,0x00,0x00,0x00,
   7            0xFF,0x08,0x08,0x08,0xFF,0x00,0x3C,0x4A,
   8            0x4A,0x4A,0x4A,0x34,0x00,0x00,0xFF,0x01,
   9            0x01,0x01,0x00,0xFF,0x01,0x01,0x01,0x00,
  10            0x00,0x38,0x44,0x82,0x82,0x82,0x44,0x38,
  11            0x00,0x00,0x00,0x00,0x00,0x00,0x00,0x00};
  12          
  13          void main()
  14          {
  15   1        unsigned char i,Offset,Count=0;
  16   1        P2_5=0;
  17   1        while(1)
  18   1        {
  19   2          for(i=0;i<8;i++)
  20   2          {
  21   3            MatrixLED_ShowColumn(i,Animation[Offset+i]);
  22   3          }
  23   2          Count++;
  24   2          if(Count>5)
  25   2          {
  26   3            Count=0;
  27   3            Offset++;
  28   3            if(Offset>40)
  29   3            {
  30   4              Offset=0;
  31   4            }
  32   3          }
  33   2        }
  34   1      }


MODULE INFORMATION:   STATIC OVERLAYABLE
   CODE SIZE        =     73    ----
   CONSTANT SIZE    =     48    ----
   XDATA SIZE       =   ----    ----
   PDATA SIZE       =   ----    ----
   DATA SIZE        =   ----       3
   IDATA SIZE       =   ----    ----
   BIT SIZE         =   ----    ----
END OF MODULE INFORMATION.


C51 COMPILATION COMPLETE.  0 WARNING(S),  0 ERROR(S)
