C51 COMPILER V9.59.0.0   MAIN                                                              01/13/2025 09:51:46 PAGE 1   


C51 COMPILER V9.59.0.0, COMPILATION OF MODULE MAIN
OBJECT MODULE PLACED IN .\Objects\main.obj
COMPILER INVOKED BY: E:\SCM\Keil_v5\C51\BIN\C51.EXE main.c OPTIMIZE(8,SPEED) BROWSE DEBUG OBJECTEXTEND PRINT(.\Listings\
                    -main.lst) TABS(2) OBJECT(.\Objects\main.obj)

line level    source

   1          #include <REGX52.H>
   2          #include "Timer0.h"
   3          #include "Key.h"
   4          #include <INTRINS.H>
   5          
   6          unsigned char KeyNum,LEDMode;
   7          
   8          void main()
   9          {
  10   1        P2=0xFE;
  11   1        Timer0_Init();
  12   1        while(1)
  13   1        {
  14   2          KeyNum=Key();
  15   2          if(KeyNum)
  16   2          {
  17   3            if(KeyNum==1)
  18   3            {
  19   4              LEDMode++;
  20   4              if(LEDMode>=2)
  21   4              {
  22   5                LEDMode=0;
  23   5              }
  24   4                
  25   4            }
  26   3          }
  27   2          
  28   2          
  29   2        }
  30   1      }
  31          
  32          
  33          void Timer0_Rountine() interrupt 1
  34          {
  35   1        static unsigned int T0Count=0;
  36   1        TL0 = 0x18;       //设置定时初始值
  37   1        TH0 = 0xFC;       //设置定时初始值
  38   1        T0Count++;
  39   1        if(T0Count>=500)
  40   1        {
  41   2          T0Count=0;
  42   2          if(LEDMode==0)
  43   2            P2=_crol_(P2,1);
  44   2          if(LEDMode==1)
  45   2            P2=_cror_(P2,1);
  46   2        }
  47   1      }
  48          


MODULE INFORMATION:   STATIC OVERLAYABLE
   CODE SIZE        =    133    ----
   CONSTANT SIZE    =   ----    ----
   XDATA SIZE       =   ----    ----
C51 COMPILER V9.59.0.0   MAIN                                                              01/13/2025 09:51:46 PAGE 2   

   PDATA SIZE       =   ----    ----
   DATA SIZE        =      4    ----
   IDATA SIZE       =   ----    ----
   BIT SIZE         =   ----    ----
END OF MODULE INFORMATION.


C51 COMPILATION COMPLETE.  0 WARNING(S),  0 ERROR(S)
