C51 COMPILER V9.59.0.0   XPT2046                                                           01/25/2025 22:03:10 PAGE 1   


C51 COMPILER V9.59.0.0, COMPILATION OF MODULE XPT2046
OBJECT MODULE PLACED IN .\Objects\XPT2046.obj
COMPILER INVOKED BY: E:\SCM\Keil_v5\C51\BIN\C51.EXE XPT2046.c OPTIMIZE(8,SPEED) BROWSE DEBUG OBJECTEXTEND PRINT(.\Listin
                    -gs\XPT2046.lst) TABS(2) OBJECT(.\Objects\XPT2046.obj)

line level    source

   1          #include <REGX52.H>
   2          #include "Delay.h"
   3          
   4          sbit XPY2046_DIN=P3^4;
   5          sbit XPY2046_CS=P3^5;
   6          sbit XPY2046_DCLK=P3^6;
   7          sbit XPY2046_DOUT=P3^7;
   8          
   9          
  10          unsigned int XPT2046_ReadAD(unsigned char Command)
  11          {
  12   1        unsigned char i;
  13   1        unsigned int Data=0;
  14   1        XPY2046_DCLK=0;
  15   1        XPY2046_CS=0;
  16   1        for(i=0;i<8;i++)
  17   1        {
  18   2          XPY2046_DIN=Command&(0x80>>i);
  19   2          XPY2046_DCLK=1;
  20   2          Delay(1);
  21   2          XPY2046_DCLK=0;
  22   2        }
  23   1        for(i=0;i<16;i++)
  24   1        {
  25   2          XPY2046_DCLK=1;
  26   2          Delay(1);
  27   2          XPY2046_DCLK=0;
  28   2          if(XPY2046_DOUT){Data|=(0x8000>>i);}
  29   2        }
  30   1        XPY2046_CS=1;
  31   1        return Data>>8;
  32   1      }


MODULE INFORMATION:   STATIC OVERLAYABLE
   CODE SIZE        =    124    ----
   CONSTANT SIZE    =   ----    ----
   XDATA SIZE       =   ----    ----
   PDATA SIZE       =   ----    ----
   DATA SIZE        =   ----       4
   IDATA SIZE       =   ----    ----
   BIT SIZE         =   ----    ----
END OF MODULE INFORMATION.


C51 COMPILATION COMPLETE.  0 WARNING(S),  0 ERROR(S)
