C51 COMPILER V9.59.0.0   MAIN                                                              01/13/2025 10:09:48 PAGE 1   


C51 COMPILER V9.59.0.0, COMPILATION OF MODULE MAIN
OBJECT MODULE PLACED IN .\Objects\main.obj
COMPILER INVOKED BY: E:\SCM\Keil_v5\C51\BIN\C51.EXE main.c OPTIMIZE(8,SPEED) BROWSE DEBUG OBJECTEXTEND PRINT(.\Listings\
                    -main.lst) TABS(2) OBJECT(.\Objects\main.obj)

line level    source

   1          #include <REGX52.H>
   2          #include "Timer0.h"
   3          #include "Key.h"
   4          #include <INTRINS.H>
   5          #include "LCD1602.h"
   6          
   7          unsigned char Sec,Min,Hour;
   8          
   9          void main()
  10          {
  11   1        LCD_Init();
  12   1        Timer0_Init();
  13   1        LCD_ShowString(1,1,"Clock:");
  14   1      //  LCD_ShowString(2,3,":");
  15   1      //  LCD_ShowString(2,6,":");
  16   1        LCD_ShowString(2,1,"  :  :");
  17   1        while(1)
  18   1        {
  19   2          LCD_ShowNum(2,1,Hour,2);
  20   2          LCD_ShowNum(2,4,Min,2);
  21   2          LCD_ShowNum(2,7,Sec,2);
  22   2          
  23   2        }
  24   1      }
  25          
  26          void Timer0_Rountine() interrupt 1
  27          {
  28   1        static unsigned int T0Count=0;
  29   1        TL0 = 0x18;       //设置定时初始值
  30   1        TH0 = 0xFC;       //设置定时初始值
  31   1        T0Count++;
  32   1        if(T0Count>=1000)
  33   1        {
  34   2          T0Count=0;
  35   2          Sec++;
  36   2          if(Sec>=60)
  37   2          {
  38   3            Sec=0;
  39   3            Min++;
  40   3            if(Min>=60)
  41   3            {
  42   4               Min=0;
  43   4              Hour++;
  44   4              if(Hour>=24)
  45   4              {
  46   5                Hour=0;
  47   5              }
  48   4            }
  49   3          }
  50   2        }
  51   1      }
  52          


C51 COMPILER V9.59.0.0   MAIN                                                              01/13/2025 10:09:48 PAGE 2   

MODULE INFORMATION:   STATIC OVERLAYABLE
   CODE SIZE        =    162    ----
   CONSTANT SIZE    =     14    ----
   XDATA SIZE       =   ----    ----
   PDATA SIZE       =   ----    ----
   DATA SIZE        =      5    ----
   IDATA SIZE       =   ----    ----
   BIT SIZE         =   ----    ----
END OF MODULE INFORMATION.


C51 COMPILATION COMPLETE.  0 WARNING(S),  0 ERROR(S)
