C51 COMPILER V9.59.0.0   MAIN                                                              01/25/2025 11:59:50 PAGE 1   


C51 COMPILER V9.59.0.0, COMPILATION OF MODULE MAIN
OBJECT MODULE PLACED IN .\Objects\main.obj
COMPILER INVOKED BY: E:\SCM\Keil_v5\C51\BIN\C51.EXE main.c OPTIMIZE(8,SPEED) BROWSE DEBUG OBJECTEXTEND PRINT(.\Listings\
                    -main.lst) TABS(2) OBJECT(.\Objects\main.obj)

line level    source

   1          #include <REGX52.H>
   2          #include "Delay.h"
   3          #include "Key.h"
   4          #include "Nixie.h"
   5          #include "Timer0.h"
   6          
   7          sbit Motor=P1^1;
   8          
   9          unsigned char Counter,Compare,Speed,KeyNum;
  10          
  11          void main()
  12          {
  13   1        Timer0_Init();
  14   1        Compare=50;
  15   1        P2_5=0;
  16   1        while(1)
  17   1        {
  18   2          KeyNum=Key();
  19   2          if(KeyNum==1)
  20   2          {
  21   3            Speed++;
  22   3            Speed%=4;
  23   3            if(Speed==0){Compare=0;}
  24   3            if(Speed==1){Compare=5;}
  25   3            if(Speed==2){Compare=50;}
  26   3            if(Speed==3){Compare=100;}
  27   3          }
  28   2          Nixie(1,Speed);
  29   2        }
  30   1      }
  31          
  32          void Timer0_Routine() interrupt 1
  33          {
  34   1        TL0 = 0x9C;   //设置定时初值
  35   1        TH0 = 0xFF;   //设置定时初值
  36   1        Counter++;
  37   1        Counter%=100;
  38   1        if(Counter<Compare){Motor=1;}
  39   1        else{Motor=0;}
  40   1      }


MODULE INFORMATION:   STATIC OVERLAYABLE
   CODE SIZE        =    113    ----
   CONSTANT SIZE    =   ----    ----
   XDATA SIZE       =   ----    ----
   PDATA SIZE       =   ----    ----
   DATA SIZE        =      4    ----
   IDATA SIZE       =   ----    ----
   BIT SIZE         =   ----    ----
END OF MODULE INFORMATION.


C51 COMPILATION COMPLETE.  0 WARNING(S),  0 ERROR(S)
