C51 COMPILER V9.59.0.0   AT24C02                                                           01/20/2025 17:16:09 PAGE 1   


C51 COMPILER V9.59.0.0, COMPILATION OF MODULE AT24C02
OBJECT MODULE PLACED IN .\Objects\AT24C02.obj
COMPILER INVOKED BY: E:\SCM\Keil_v5\C51\BIN\C51.EXE AT24C02.c OPTIMIZE(8,SPEED) BROWSE DEBUG OBJECTEXTEND PRINT(.\Listin
                    -gs\AT24C02.lst) TABS(2) OBJECT(.\Objects\AT24C02.obj)

line level    source

   1          #include <REGX52.H>
   2          #include "I2C.h"
   3          
   4          
   5          #define AT24C02_ADDRESS 0xA0
   6          
   7          /**
   8            * @brief  AT24C02写入一个字节
   9            * @param  WordAddress 要写入字节的地址
  10            * @param  Data 要写入的数据
  11            * @retval 无
  12            */
  13          void AT24C02_WriteByte(unsigned char WordAddress,Data)
  14          {
  15   1        I2C_Start();
  16   1        I2C_SendByte(AT24C02_ADDRESS);
  17   1        I2C_ReceiveAck();
  18   1        I2C_SendByte(WordAddress);
  19   1        I2C_ReceiveAck();
  20   1        I2C_SendByte(Data);
  21   1        I2C_ReceiveAck();
  22   1        I2C_Stop();
  23   1        
  24   1      }
  25          
  26          /**
  27            * @brief  AT24C02读取一个字节
  28            * @param  WordAddress 要读出字节的地址
  29            * @retval 读出的数据
  30            */
  31          unsigned char AT24C02_ReadByte(unsigned char WordAddress)
  32          {
  33   1        unsigned char Data;
  34   1        I2C_Start();
  35   1        I2C_SendByte(AT24C02_ADDRESS);
  36   1        I2C_ReceiveAck();
  37   1        I2C_SendByte(WordAddress);
  38   1        I2C_ReceiveAck();
  39   1        
  40   1        I2C_Start();
  41   1        I2C_SendByte(AT24C02_ADDRESS|0x01);
  42   1        I2C_ReceiveAck();
  43   1        Data=I2C_ReceiveByte();
  44   1        I2C_SendAck(1);
  45   1        I2C_Stop();
  46   1        
  47   1        return Data;
  48   1      }


MODULE INFORMATION:   STATIC OVERLAYABLE
   CODE SIZE        =     84    ----
   CONSTANT SIZE    =   ----    ----
   XDATA SIZE       =   ----    ----
C51 COMPILER V9.59.0.0   AT24C02                                                           01/20/2025 17:16:09 PAGE 2   

   PDATA SIZE       =   ----    ----
   DATA SIZE        =   ----       5
   IDATA SIZE       =   ----    ----
   BIT SIZE         =   ----    ----
END OF MODULE INFORMATION.


C51 COMPILATION COMPLETE.  0 WARNING(S),  0 ERROR(S)
