C51 COMPILER V9.59.0.0   MAIN                                                              01/20/2025 17:52:24 PAGE 1   


C51 COMPILER V9.59.0.0, COMPILATION OF MODULE MAIN
OBJECT MODULE PLACED IN .\Objects\main.obj
COMPILER INVOKED BY: E:\SCM\Keil_v5\C51\BIN\C51.EXE main.c OPTIMIZE(8,SPEED) BROWSE DEBUG OBJECTEXTEND PRINT(.\Listings\
                    -main.lst) TABS(2) OBJECT(.\Objects\main.obj)

line level    source

   1          #include <REGX52.H>
   2          #include "AT24C02.h"
   3          #include "LCD1602.h"
   4          #include "Key.h"
   5          #include "Delay.h"
   6          
   7          unsigned char KeyNum;
   8          unsigned int Num;
   9          
  10          void main()
  11          {
  12   1        LCD_Init();
  13   1        LCD_ShowNum(1,1,Num,4);
  14   1        while(1)
  15   1        {
  16   2          KeyNum=Key();
  17   2          if(KeyNum==1)
  18   2          {
  19   3            Num++;
  20   3            LCD_ShowHexNum(1,1,Num,4);
  21   3          }
  22   2          if(KeyNum==2)
  23   2          {
  24   3            Num--;
  25   3            LCD_ShowHexNum(1,1,Num,4);
  26   3          }
  27   2          if(KeyNum==4)
  28   2          {
  29   3            AT24C02_WriteByte(0,Num%256);
  30   3            Delay(10);
  31   3            AT24C02_WriteByte(1,Num/256);
  32   3            Delay(10);
  33   3            LCD_ShowString(2,1,"Write");
  34   3            Delay(1000);
  35   3            LCD_ShowString(2,1,"     ");
  36   3            
  37   3          }
  38   2          if(KeyNum==3)
  39   2          {
  40   3            LCD_ShowHexNum(1,6,AT24C02_ReadByte(1),2);
  41   3            LCD_ShowHexNum(1,8,AT24C02_ReadByte(0),2);
  42   3            Num=AT24C02_ReadByte(0);
  43   3            Num|=AT24C02_ReadByte(1)<<8;
  44   3            LCD_ShowHexNum(1,1,Num,4);
  45   3            LCD_ShowString(2,1,"Read");
  46   3            Delay(1000);
  47   3            LCD_ShowString(2,1,"     ");
  48   3          }
  49   2        }
  50   1      }


MODULE INFORMATION:   STATIC OVERLAYABLE
   CODE SIZE        =    263    ----
C51 COMPILER V9.59.0.0   MAIN                                                              01/20/2025 17:52:24 PAGE 2   

   CONSTANT SIZE    =     17    ----
   XDATA SIZE       =   ----    ----
   PDATA SIZE       =   ----    ----
   DATA SIZE        =      3    ----
   IDATA SIZE       =   ----    ----
   BIT SIZE         =   ----    ----
END OF MODULE INFORMATION.


C51 COMPILATION COMPLETE.  0 WARNING(S),  0 ERROR(S)
