C51 COMPILER V9.59.0.0   UART                                                              01/14/2025 23:36:06 PAGE 1   


C51 COMPILER V9.59.0.0, COMPILATION OF MODULE UART
OBJECT MODULE PLACED IN .\Objects\UART.obj
COMPILER INVOKED BY: E:\SCM\Keil_v5\C51\BIN\C51.EXE UART.c OPTIMIZE(8,SPEED) BROWSE DEBUG OBJECTEXTEND PRINT(.\Listings\
                    -UART.lst) TABS(2) OBJECT(.\Objects\UART.obj)

line level    source

   1          #include <REGX52.H>
   2          
   3          /**
   4            * @brief  串口初始化，4800bps@11.0592MHz
   5            * @param  无
   6            * @retval 无
   7            */
   8          void UART_Init()  //4800bps@11.0592MHz
   9          {
  10   1        PCON |= 0x80;   //使能波特率倍速位SMOD
  11   1        SCON = 0x50;    //8位数据,可变波特率
  12   1        TMOD &= 0x0F;   //设置定时器模式
  13   1        TMOD |= 0x20;   //设置定时器模式
  14   1        TL1 = 0xF4;     //设置定时初始值
  15   1        TH1 = 0xF4;     //设置定时重载值
  16   1        ET1 = 0;      //禁止定时器中断
  17   1        TR1 = 1;      //定时器1开始计时
  18   1        EA=1;         //启动所有中断
  19   1        ES=1;         //启动串口中断
  20   1      }
  21          
  22          /**
  23            * @brief  串口发送一个字节
  24            * @param Byte 要发送的一个字节数据 
  25            * @retval 无
  26            */
  27          void UART_SendBtye(unsigned char Byte)
  28          {
  29   1        SBUF=Byte;
  30   1        while(TI==0);
  31   1        TI=0;
  32   1      }


MODULE INFORMATION:   STATIC OVERLAYABLE
   CODE SIZE        =     35    ----
   CONSTANT SIZE    =   ----    ----
   XDATA SIZE       =   ----    ----
   PDATA SIZE       =   ----    ----
   DATA SIZE        =   ----    ----
   IDATA SIZE       =   ----    ----
   BIT SIZE         =   ----    ----
END OF MODULE INFORMATION.


C51 COMPILATION COMPLETE.  0 WARNING(S),  0 ERROR(S)
