C51 COMPILER V9.59.0.0   DS1302                                                            01/19/2025 11:14:11 PAGE 1   


C51 COMPILER V9.59.0.0, COMPILATION OF MODULE DS1302
OBJECT MODULE PLACED IN .\Objects\DS1302.obj
COMPILER INVOKED BY: E:\SCM\Keil_v5\C51\BIN\C51.EXE DS1302.c OPTIMIZE(8,SPEED) BROWSE DEBUG OBJECTEXTEND PRINT(.\Listing
                    -s\DS1302.lst) TABS(2) OBJECT(.\Objects\DS1302.obj)

line level    source

   1          #include <REGX52.H>
   2          
   3          sbit DS1302_SCLK=P3^6;
   4          sbit DS1302_IO=P3^4;
   5          sbit DS1302_CE=P3^5;
   6          
   7          #define DS1302_SECOND   0x80
   8          #define DS1302_MINUTE   0x82
   9          #define DS1302_HOUR     0x84
  10          #define DS1302_DATE     0x86
  11          #define DS1302_MONTH    0x88
  12          #define DS1302_DAY      0x8A
  13          #define DS1302_YEAR     0x8C
  14          #define DS1302_WP       0x8E
  15          
  16          unsigned char DS1302_Time[]={25,1,18,9,22,55,6};
  17          
  18          /**
  19            * @brief  初始化DS1302
  20            * @param  无
  21            * @retval 无
  22            */
  23          void DS1302_Init(void)
  24          {
  25   1        DS1302_SCLK=0;
  26   1        DS1302_CE=0;
  27   1      }
  28          /**
  29            * @brief  向DS1302中写入一个字节
  30            * @param  Command  命令字/地址
  31            * @param  Data 写入的数据
  32            * @retval 无
  33            */
  34          void DS1302_WriteByte(unsigned char Command,Data)
  35          {
  36   1        unsigned char i;
  37   1        DS1302_CE=1;
  38   1        for(i=0;i<8;i++)
  39   1        {
  40   2          DS1302_IO=Command&(0x01<<i);
  41   2          DS1302_SCLK=1;
  42   2          DS1302_SCLK=0;
  43   2        }
  44   1        for(i=0;i<8;i++)
  45   1        {
  46   2          DS1302_IO=Data&(0x01<<i);
  47   2          DS1302_SCLK=1;
  48   2          DS1302_SCLK=0;
  49   2        }
  50   1        DS1302_CE=0;
  51   1      }
  52          /**
  53            * @brief  在DS1302中读取一个字节数据
  54            * @param  Command  命令字/地址
C51 COMPILER V9.59.0.0   DS1302                                                            01/19/2025 11:14:11 PAGE 2   

  55            * @retval 读出的数据
  56            */
  57          unsigned char DS1302_ReadByte(unsigned char Command)
  58          {
  59   1        unsigned char i,Data=0x00;
  60   1        Command|=0x01;
  61   1        DS1302_CE=1;
  62   1        for(i=0;i<8;i++)
  63   1        {
  64   2          DS1302_IO=Command&(0x01<<i);
  65   2          DS1302_SCLK=0;
  66   2          DS1302_SCLK=1;
  67   2        }
  68   1        for(i=0;i<8;i++)
  69   1        { 
  70   2          DS1302_SCLK=1;
  71   2          DS1302_SCLK=0;
  72   2          if(DS1302_IO){Data|=(0x01<<i);}
  73   2        }
  74   1        DS1302_CE=0;
  75   1        DS1302_IO=0;
  76   1        return Data;
  77   1      }
  78          
  79          /**
  80            * @brief  设置DS1302时间，将DS1302_Time数组写入到DS1302中
  81            * @param  无
  82            * @retval 无
  83            */
  84          void DS1302_SetTime(void)
  85          {
  86   1        DS1302_WriteByte(DS1302_WP,0x00);
  87   1        DS1302_WriteByte(DS1302_YEAR,DS1302_Time[0]/10*16+DS1302_Time[0]%10);//十进制转BCD码后写入
  88   1        DS1302_WriteByte(DS1302_MONTH,DS1302_Time[1]/10*16+DS1302_Time[1]%10);
  89   1        DS1302_WriteByte(DS1302_DATE,DS1302_Time[2]/10*16+DS1302_Time[2]%10);
  90   1        DS1302_WriteByte(DS1302_HOUR,DS1302_Time[3]/10*16+DS1302_Time[3]%10);
  91   1        DS1302_WriteByte(DS1302_MINUTE,DS1302_Time[4]/10*16+DS1302_Time[4]%10);
  92   1        DS1302_WriteByte(DS1302_SECOND,DS1302_Time[5]/10*16+DS1302_Time[5]%10);
  93   1        DS1302_WriteByte(DS1302_DAY,DS1302_Time[6]/10*16+DS1302_Time[6]%10);
  94   1        DS1302_WriteByte(DS1302_WP,0x80);
  95   1      }
  96          
  97          /**
  98            * @brief  读取DS1302中的时间，将DS1302的数据读取到DS1302_Time数组中
  99            * @param  无
 100            * @retval 无
 101            */
 102          void DS1302_ReadTime(void)
 103          {
 104   1        unsigned char Temp;
 105   1        Temp=DS1302_ReadByte(DS1302_YEAR);
 106   1        DS1302_Time[0]=Temp/16*10+Temp%16;//BCD码转十进制后读取
 107   1        Temp=DS1302_ReadByte(DS1302_MONTH);
 108   1        DS1302_Time[1]=Temp/16*10+Temp%16;
 109   1        Temp=DS1302_ReadByte(DS1302_DATE);
 110   1        DS1302_Time[2]=Temp/16*10+Temp%16;
 111   1        Temp=DS1302_ReadByte(DS1302_HOUR);
 112   1        DS1302_Time[3]=Temp/16*10+Temp%16;
 113   1        Temp=DS1302_ReadByte(DS1302_MINUTE);
 114   1        DS1302_Time[4]=Temp/16*10+Temp%16;
 115   1        Temp=DS1302_ReadByte(DS1302_SECOND);
 116   1        DS1302_Time[5]=Temp/16*10+Temp%16;
C51 COMPILER V9.59.0.0   DS1302                                                            01/19/2025 11:14:11 PAGE 3   

 117   1        Temp=DS1302_ReadByte(DS1302_DAY);
 118   1        DS1302_Time[6]=Temp/16*10+Temp%16;
 119   1      }


MODULE INFORMATION:   STATIC OVERLAYABLE
   CODE SIZE        =    587    ----
   CONSTANT SIZE    =   ----    ----
   XDATA SIZE       =   ----    ----
   PDATA SIZE       =   ----    ----
   DATA SIZE        =      7       2
   IDATA SIZE       =   ----    ----
   BIT SIZE         =   ----    ----
END OF MODULE INFORMATION.


C51 COMPILATION COMPLETE.  0 WARNING(S),  0 ERROR(S)
