C51 COMPILER V9.59.0.0   IR                                                                01/26/2025 11:48:45 PAGE 1   


C51 COMPILER V9.59.0.0, COMPILATION OF MODULE IR
OBJECT MODULE PLACED IN .\Objects\IR.obj
COMPILER INVOKED BY: E:\SCM\Keil_v5\C51\BIN\C51.EXE IR.c OPTIMIZE(8,SPEED) BROWSE DEBUG OBJECTEXTEND PRINT(.\Listings\IR
                    -.lst) TABS(2) OBJECT(.\Objects\IR.obj)

line level    source

   1          #include <REGX52.H>
   2          #include "Timer0.h"
   3          #include "Int0.h"
   4          
   5          unsigned int IR_Time;
   6          unsigned char IR_State;
   7          
   8          unsigned char IR_Data[4];
   9          unsigned char IR_pData;
  10          
  11          unsigned char IR_DataFlag;
  12          unsigned char IR_RepeatFlag;
  13          unsigned char IR_Address;
  14          unsigned char IR_Command;
  15          
  16          void IR_Init(void)
  17          {
  18   1        Timer0_Init();
  19   1        Int0_Init();
  20   1      }
  21          
  22          
  23          void Int0_Routine(void) interrupt 0
  24          {
  25   1        if(IR_State==0)
  26   1        {
  27   2          Timer0_SetCounter(0);
  28   2          Timer0_Run(1);
  29   2          IR_State=1;
  30   2        }
  31   1        else if(IR_State==1)
  32   1        {
  33   2          IR_Time=Timer0_GetCounter();
  34   2          Timer0_SetCounter(0);
  35   2        }
  36   1        if(IR_Time > 13500 - 500 && IR_Time < 13500 + 500)
  37   1        {
  38   2          IR_State=2;
  39   2        }
  40   1        else if(IR_Time > 11250 - 500 && IR_Time < 11250 + 500)
  41   1        {
  42   2          IR_RepeatFlag = 1;
  43   2          Timer0_Run(0);
  44   2          IR_State=0;
  45   2        }
  46   1        else
  47   1        {
  48   2          IR_State=1;
  49   2        }
  50   1      }


MODULE INFORMATION:   STATIC OVERLAYABLE
   CODE SIZE        =    163    ----
C51 COMPILER V9.59.0.0   IR                                                                01/26/2025 11:48:45 PAGE 2   

   CONSTANT SIZE    =   ----    ----
   XDATA SIZE       =   ----    ----
   PDATA SIZE       =   ----    ----
   DATA SIZE        =     12    ----
   IDATA SIZE       =   ----    ----
   BIT SIZE         =   ----    ----
END OF MODULE INFORMATION.


C51 COMPILATION COMPLETE.  0 WARNING(S),  0 ERROR(S)
