C51 COMPILER V9.59.0.0   MAIN                                                              01/25/2025 23:25:40 PAGE 1   


C51 COMPILER V9.59.0.0, COMPILATION OF MODULE MAIN
OBJECT MODULE PLACED IN .\Objects\main.obj
COMPILER INVOKED BY: E:\SCM\Keil_v5\C51\BIN\C51.EXE main.c OPTIMIZE(8,SPEED) BROWSE DEBUG OBJECTEXTEND PRINT(.\Listings\
                    -main.lst) TABS(2) OBJECT(.\Objects\main.obj)

line level    source

   1          #include <REGX52.H>
   2          #include "Delay.h"
   3          #include "Timer0.h"
   4          #include "LCD1602.h"
   5          
   6          unsigned char Num;
   7          unsigned int Time;
   8          
   9          void main()
  10          {
  11   1        
  12   1        LCD_Init();
  13   1        Int0_Init();
*** WARNING C206 IN LINE 13 OF main.c: 'Int0_Init': missing function-prototype
  14   1        Timer0_Init();
  15   1        Timer0_SetCounter(0);
  16   1        Timer0_Run(1);
  17   1        Delay(10);
  18   1        Time=Timer0_GetCounter();
  19   1        LCD_ShowNum(1,1,Time,5);
  20   1        
  21   1        while(1)
  22   1        {
  23   2          
  24   2        }
  25   1      }
  26          


MODULE INFORMATION:   STATIC OVERLAYABLE
   CODE SIZE        =     50    ----
   CONSTANT SIZE    =   ----    ----
   XDATA SIZE       =   ----    ----
   PDATA SIZE       =   ----    ----
   DATA SIZE        =      3    ----
   IDATA SIZE       =   ----    ----
   BIT SIZE         =   ----    ----
END OF MODULE INFORMATION.


C51 COMPILATION COMPLETE.  1 WARNING(S),  0 ERROR(S)
