C51 COMPILER V9.59.0.0   MIAN                                                              01/09/2025 18:30:03 PAGE 1   


C51 COMPILER V9.59.0.0, COMPILATION OF MODULE MIAN
OBJECT MODULE PLACED IN .\Objects\mian.obj
COMPILER INVOKED BY: E:\SCM\Keil_v5\C51\BIN\C51.EXE mian.c OPTIMIZE(8,SPEED) BROWSE DEBUG OBJECTEXTEND PRINT(.\Listings\
                    -mian.lst) TABS(2) OBJECT(.\Objects\mian.obj)

line level    source

   1          #include <REGX51.H>
   2          #include <INTRINS.H>
   3          
   4          void Delayxms(unsigned int x)   //@11.0592MHz
   5          {
   6   1        unsigned char i, j;
   7   1        while(x--){
   8   2          _nop_();
   9   2          i = 2;
  10   2          j = 199;
  11   2          do
  12   2          {
  13   3            while (--j);
  14   3          } while (--i);
  15   2        }
  16   1      }
  17          
  18          
  19          
  20          
  21          
  22          void main()
  23          {
  24   1        while(1)
  25   1        {
  26   2          P2=0x9F;  //1001 1111
  27   2          Delayxms(500);
  28   2          P2=0xFF;
  29   2          Delayxms(500);
  30   2          /*P2=0xFE;
  31   2          Delayxms(500);
  32   2          P2=0xFD;
  33   2          Delayxms(500);
  34   2          P2=0xFB;
  35   2          Delayxms(500);
  36   2          P2=0xF7;
  37   2          Delayxms(500);
  38   2          P2=0xEF;
  39   2          Delayxms(500);
  40   2          P2=0xDF;
  41   2          Delayxms(500);
  42   2          P2=0xBF;
  43   2          Delayxms(500);
  44   2          P2=0x7F;
  45   2          Delayxms(500);*/
  46   2        }
  47   1      }


MODULE INFORMATION:   STATIC OVERLAYABLE
   CODE SIZE        =     44    ----
   CONSTANT SIZE    =   ----    ----
   XDATA SIZE       =   ----    ----
   PDATA SIZE       =   ----    ----
C51 COMPILER V9.59.0.0   MIAN                                                              01/09/2025 18:30:03 PAGE 2   

   DATA SIZE        =   ----    ----
   IDATA SIZE       =   ----    ----
   BIT SIZE         =   ----    ----
END OF MODULE INFORMATION.


C51 COMPILATION COMPLETE.  0 WARNING(S),  0 ERROR(S)
